2025-08-05 14:01:36 [INFO]: Pedido recebido: GET /v1/ {"headers":{"user-agent":"Mozilla/5.0 (Macintosh; Intel Mac OS X 10_15_7) AppleWebKit/537.36 (KHTML, like Gecko) Chrome/138.0.0.0 Safari/537.36"}}
2025-08-05 14:01:36 [INFO]: Resposta enviada: GET /v1/ {"status":200,"responseTime":"2ms","body":"{\"dateTime\":\"2025-08-05T13:01:36.940Z\",\"status\":\"RUNNING\",\"protected\":false,\"hello\":\"world\"}"}
2025-08-05 14:01:45 [INFO]: Pedido recebido: GET /v1/android {"headers":{"user-agent":"Mozilla/5.0 (Macintosh; Intel Mac OS X 10_15_7) AppleWebKit/537.36 (KHTML, like Gecko) Chrome/138.0.0.0 Safari/537.36"}}
2025-08-05 14:01:45 [INFO]: Resposta enviada: GET /v1/android {"status":200,"responseTime":"1ms","body":"{\"dateTime\":\"2025-08-05T13:01:45.627Z\",\"status\":\"RUNNING\",\"protected\":false,\"hello\":\"Android\"}"}
2025-08-05 14:01:48 [INFO]: Pedido recebido: GET /v1/android {"headers":{"user-agent":"Mozilla/5.0 (Macintosh; Intel Mac OS X 10_15_7) AppleWebKit/537.36 (KHTML, like Gecko) Chrome/138.0.0.0 Safari/537.36"}}
2025-08-05 14:01:48 [INFO]: Resposta enviada: GET /v1/android {"status":200,"responseTime":"1ms","body":"{\"dateTime\":\"2025-08-05T13:01:48.954Z\",\"status\":\"RUNNING\",\"protected\":false,\"hello\":\"Android\"}"}
2025-08-05 14:01:57 [INFO]: Pedido recebido: GET /v1/android/auth {"headers":{"user-agent":"Mozilla/5.0 (Macintosh; Intel Mac OS X 10_15_7) AppleWebKit/537.36 (KHTML, like Gecko) Chrome/138.0.0.0 Safari/537.36"}}
2025-08-05 14:01:57 [INFO]: Resposta enviada: GET /v1/android/auth {"status":200,"responseTime":"1ms","body":"{\"dateTime\":\"2025-08-05T13:01:57.348Z\",\"status\":\"RUNNING\",\"protected\":false,\"hello\":\"auth\"}"}
2025-08-05 14:02:11 [INFO]: Pedido recebido: GET /v1/android/auth/login {"headers":{"user-agent":"Mozilla/5.0 (Macintosh; Intel Mac OS X 10_15_7) AppleWebKit/537.36 (KHTML, like Gecko) Chrome/138.0.0.0 Safari/537.36"}}
2025-08-05 14:02:11 [INFO]: Resposta enviada: GET /v1/android/auth/login {"status":422,"responseTime":"3ms","body":"{\"error\":{\"code\":422,\"message\":\"Validation Error: nomeUser: Invalid input: expected string, received undefined; pass: Invalid input: expected string, received undefined\"}}"}
2025-08-05 14:02:47 [INFO]: Pedido recebido: GET /v1/android/auth/login {"headers":{"user-agent":"Mozilla/5.0 (Macintosh; Intel Mac OS X 10_15_7) AppleWebKit/537.36 (KHTML, like Gecko) Chrome/138.0.0.0 Safari/537.36"}}
2025-08-05 14:02:47 [INFO]: Resposta enviada: GET /v1/android/auth/login {"status":404,"responseTime":"2ms","body":"{\"error\":{\"code\":404,\"message\":\"Route Not Found\"}}"}
2025-08-05 14:02:49 [INFO]: Pedido recebido: GET /v1/android/auth/login {"headers":{"user-agent":"Mozilla/5.0 (Macintosh; Intel Mac OS X 10_15_7) AppleWebKit/537.36 (KHTML, like Gecko) Chrome/138.0.0.0 Safari/537.36"}}
2025-08-05 14:02:49 [INFO]: Resposta enviada: GET /v1/android/auth/login {"status":404,"responseTime":"2ms","body":"{\"error\":{\"code\":404,\"message\":\"Route Not Found\"}}"}
2025-08-05 14:23:29 [INFO]: Pedido recebido: POST /v1/android/auth/login?nomeUser=Bernardino&pass=Pedr0J0a0 {"headers":{"user-agent":"PostmanRuntime/7.45.0"}}
2025-08-05 14:23:29 [INFO]: Resposta enviada: POST /v1/android/auth/login?nomeUser=Bernardino&pass=Pedr0J0a0 {"status":422,"responseTime":"1ms","body":"{\"error\":{\"code\":422,\"message\":\"Validation Error: : Invalid input: expected object, received undefined\"}}"}
2025-08-05 14:24:35 [INFO]: Pedido recebido: POST /v1/android/auth/login {"headers":{"user-agent":"PostmanRuntime/7.45.0"}}
2025-08-05 14:32:23 [INFO]: Pedido recebido: POST /v1/android/auth/login {"headers":{"user-agent":"PostmanRuntime/7.45.0"}}
2025-08-05 14:32:23 [INFO]: Resposta enviada: POST /v1/android/auth/login {"status":422,"responseTime":"1ms","body":"{\"error\":{\"code\":422,\"message\":\"Validation Error: nomeUser: Invalid input: expected string, received undefined; pass: Invalid input: expected string, received undefined\"}}"}
2025-08-05 14:32:28 [INFO]: Pedido recebido: POST /v1/android/auth/login {"headers":{"user-agent":"PostmanRuntime/7.45.0"}}
2025-08-05 14:32:30 [INFO]: Pedido recebido: POST /v1/android/auth/login {"headers":{"user-agent":"PostmanRuntime/7.45.0"}}
2025-08-05 14:34:37 [INFO]: Pedido recebido: POST /v1/android/auth/login {"headers":{"user-agent":"PostmanRuntime/7.45.0"}}
2025-08-05 14:35:18 [INFO]: Pedido recebido: POST /v1/android/auth/login {"headers":{"user-agent":"PostmanRuntime/7.45.0"}}
2025-08-05 14:35:20 [INFO]: Pedido recebido: POST /v1/android/auth/login {"headers":{"user-agent":"PostmanRuntime/7.45.0"}}
2025-08-05 14:36:08 [INFO]: Pedido recebido: POST /v1/android/auth/login {"headers":{"user-agent":"PostmanRuntime/7.45.0"}}
2025-08-05 14:36:08 [INFO]: Resposta enviada: POST /v1/android/auth/login {"status":200,"responseTime":"2ms","body":"{\"body\":{\"nomeUser\":\"Bernardino\",\"pass\":\"Pedr0J0a0\"}}"}
2025-08-05 14:36:11 [INFO]: Pedido recebido: POST /v1/android/auth/login {"headers":{"user-agent":"PostmanRuntime/7.45.0"}}
2025-08-05 14:36:11 [INFO]: Resposta enviada: POST /v1/android/auth/login {"status":200,"responseTime":"1ms","body":"{\"body\":{\"nomeUser\":\"Bernardino\",\"pass\":\"Pedr0J0a0\"}}"}
2025-08-05 14:36:17 [INFO]: Pedido recebido: POST /v1/android/auth/login {"headers":{"user-agent":"PostmanRuntime/7.45.0"}}
2025-08-05 14:36:17 [INFO]: Resposta enviada: POST /v1/android/auth/login {"status":422,"responseTime":"1ms","body":"{\"error\":{\"code\":422,\"message\":\"Validation Error: nomeUser: Invalid input: expected string, received undefined\"}}"}
2025-08-05 14:36:24 [INFO]: Pedido recebido: POST /v1/android/auth/login {"headers":{"user-agent":"PostmanRuntime/7.45.0"}}
2025-08-05 14:36:24 [INFO]: Resposta enviada: POST /v1/android/auth/login {"status":200,"responseTime":"1ms","body":"{\"body\":{\"nomeUser\":\"Bernardino\",\"pass\":\"Pedr0J0a0\"}}"}
2025-08-05 15:18:15 [INFO]: Pedido recebido: POST /v1/android/auth/login {"headers":{"user-agent":"PostmanRuntime/7.45.0"}}
2025-08-05 15:18:15 [INFO]: Resposta enviada: POST /v1/android/auth/login {"status":200,"responseTime":"57ms","body":"{\"user\":{\"name\":\"Bernardino\",\"apelido\":\"Alves\",\"account\":[{\"password\":\"$argon2id$v=19$m=19456,t=2,p=1$QW+yfmJb/U7OYrw7vpfbkQ$9HGykm57zL8oxdfTrH4C2lLHz6Nk/S7aiFgP2G6DXdA\"}]}}"}
2025-08-05 15:18:19 [INFO]: Pedido recebido: POST /v1/android/auth/login {"headers":{"user-agent":"PostmanRuntime/7.45.0"}}
2025-08-05 15:18:19 [INFO]: Resposta enviada: POST /v1/android/auth/login {"status":200,"responseTime":"11ms","body":"{\"user\":{\"name\":\"Bernardino\",\"apelido\":\"Alves\",\"account\":[{\"password\":\"$argon2id$v=19$m=19456,t=2,p=1$QW+yfmJb/U7OYrw7vpfbkQ$9HGykm57zL8oxdfTrH4C2lLHz6Nk/S7aiFgP2G6DXdA\"}]}}"}
2025-08-05 15:18:20 [INFO]: Pedido recebido: POST /v1/android/auth/login {"headers":{"user-agent":"PostmanRuntime/7.45.0"}}
2025-08-05 15:18:20 [INFO]: Resposta enviada: POST /v1/android/auth/login {"status":200,"responseTime":"11ms","body":"{\"user\":{\"name\":\"Bernardino\",\"apelido\":\"Alves\",\"account\":[{\"password\":\"$argon2id$v=19$m=19456,t=2,p=1$QW+yfmJb/U7OYrw7vpfbkQ$9HGykm57zL8oxdfTrH4C2lLHz6Nk/S7aiFgP2G6DXdA\"}]}}"}
2025-08-05 15:57:46 [INFO]: Pedido recebido: POST /v1/android/auth/login {"headers":{"user-agent":"PostmanRuntime/7.45.0"}}
2025-08-05 15:57:46 [INFO]: Resposta enviada: POST /v1/android/auth/login {"status":200,"responseTime":"77ms","body":"{\"message\":\"Login bem-sucedido\",\"user\":{\"name\":\"Bernardino\",\"apelido\":\"Alves\",\"account\":[{\"password\":\"$argon2id$v=19$m=19456,t=2,p=1$QW+yfmJb/U7OYrw7vpfbkQ$9HGykm57zL8oxdfTrH4C2lLHz6Nk/S7aiFgP2G6DXdA\"}]}}"}
2025-08-05 15:57:50 [INFO]: Pedido recebido: POST /v1/android/auth/login {"headers":{"user-agent":"PostmanRuntime/7.45.0"}}
2025-08-05 15:57:50 [INFO]: Resposta enviada: POST /v1/android/auth/login {"status":200,"responseTime":"35ms","body":"{\"message\":\"Login bem-sucedido\",\"user\":{\"name\":\"Bernardino\",\"apelido\":\"Alves\",\"account\":[{\"password\":\"$argon2id$v=19$m=19456,t=2,p=1$QW+yfmJb/U7OYrw7vpfbkQ$9HGykm57zL8oxdfTrH4C2lLHz6Nk/S7aiFgP2G6DXdA\"}]}}"}
2025-08-05 15:57:51 [INFO]: Pedido recebido: POST /v1/android/auth/login {"headers":{"user-agent":"PostmanRuntime/7.45.0"}}
2025-08-05 15:57:51 [INFO]: Resposta enviada: POST /v1/android/auth/login {"status":200,"responseTime":"40ms","body":"{\"message\":\"Login bem-sucedido\",\"user\":{\"name\":\"Bernardino\",\"apelido\":\"Alves\",\"account\":[{\"password\":\"$argon2id$v=19$m=19456,t=2,p=1$QW+yfmJb/U7OYrw7vpfbkQ$9HGykm57zL8oxdfTrH4C2lLHz6Nk/S7aiFgP2G6DXdA\"}]}}"}
2025-08-05 15:57:56 [INFO]: Pedido recebido: POST /v1/android/auth/login {"headers":{"user-agent":"PostmanRuntime/7.45.0"}}
2025-08-05 15:57:56 [INFO]: Resposta enviada: POST /v1/android/auth/login {"status":403,"responseTime":"34ms","body":"{\"message\":\"Falhou\"}"}
2025-08-05 15:58:16 [INFO]: Pedido recebido: POST /v1/android/auth/login {"headers":{"user-agent":"PostmanRuntime/7.45.0"}}
2025-08-05 15:58:17 [INFO]: Resposta enviada: POST /v1/android/auth/login {"status":200,"responseTime":"34ms","body":"{\"message\":\"Login bem-sucedido\",\"user\":{\"name\":\"Bernardino\",\"apelido\":\"Alves\",\"account\":[{\"password\":\"$argon2id$v=19$m=19456,t=2,p=1$QW+yfmJb/U7OYrw7vpfbkQ$9HGykm57zL8oxdfTrH4C2lLHz6Nk/S7aiFgP2G6DXdA\"}]}}"}
2025-08-05 15:58:19 [INFO]: Pedido recebido: POST /v1/android/auth/login {"headers":{"user-agent":"PostmanRuntime/7.45.0"}}
2025-08-05 15:58:19 [INFO]: Resposta enviada: POST /v1/android/auth/login {"status":200,"responseTime":"34ms","body":"{\"message\":\"Login bem-sucedido\",\"user\":{\"name\":\"Bernardino\",\"apelido\":\"Alves\",\"account\":[{\"password\":\"$argon2id$v=19$m=19456,t=2,p=1$QW+yfmJb/U7OYrw7vpfbkQ$9HGykm57zL8oxdfTrH4C2lLHz6Nk/S7aiFgP2G6DXdA\"}]}}"}
2025-08-05 15:58:20 [INFO]: Pedido recebido: POST /v1/android/auth/login {"headers":{"user-agent":"PostmanRuntime/7.45.0"}}
2025-08-05 15:58:20 [INFO]: Resposta enviada: POST /v1/android/auth/login {"status":200,"responseTime":"37ms","body":"{\"message\":\"Login bem-sucedido\",\"user\":{\"name\":\"Bernardino\",\"apelido\":\"Alves\",\"account\":[{\"password\":\"$argon2id$v=19$m=19456,t=2,p=1$QW+yfmJb/U7OYrw7vpfbkQ$9HGykm57zL8oxdfTrH4C2lLHz6Nk/S7aiFgP2G6DXdA\"}]}}"}
2025-08-05 15:58:43 [INFO]: Pedido recebido: POST /v1/android/auth/login {"headers":{"user-agent":"PostmanRuntime/7.45.0"}}
2025-08-05 15:58:43 [INFO]: Resposta enviada: POST /v1/android/auth/login {"status":200,"responseTime":"40ms","body":"{\"message\":\"Login bem-sucedido\",\"user\":{\"name\":\"Bernardino\",\"apelido\":\"Alves\",\"account\":[{\"password\":\"$argon2id$v=19$m=19456,t=2,p=1$QW+yfmJb/U7OYrw7vpfbkQ$9HGykm57zL8oxdfTrH4C2lLHz6Nk/S7aiFgP2G6DXdA\"}]}}"}
2025-08-05 15:58:44 [INFO]: Pedido recebido: POST /v1/android/auth/login {"headers":{"user-agent":"PostmanRuntime/7.45.0"}}
2025-08-05 15:58:44 [INFO]: Resposta enviada: POST /v1/android/auth/login {"status":200,"responseTime":"41ms","body":"{\"message\":\"Login bem-sucedido\",\"user\":{\"name\":\"Bernardino\",\"apelido\":\"Alves\",\"account\":[{\"password\":\"$argon2id$v=19$m=19456,t=2,p=1$QW+yfmJb/U7OYrw7vpfbkQ$9HGykm57zL8oxdfTrH4C2lLHz6Nk/S7aiFgP2G6DXdA\"}]}}"}
2025-08-05 16:22:02 [INFO]: Pedido recebido: POST /v1/android/auth/login {"headers":{"user-agent":"PostmanRuntime/7.45.0"}}
2025-08-05 16:22:02 [INFO]: Resposta enviada: POST /v1/android/auth/login {"status":200,"responseTime":"70ms","body":"{\"nomeUser\":\"Bernardino\",\"nome\":\"Bernardino\",\"apelido\":\"Alves\",\"token\":\"eyJhbGciOiJIUzI1NiIsInR5cCI6IkpXVCJ9.eyJub21lVXNlciI6IkJlcm5hcmRpbm8iLCJpYXQiOjE3NTQ0MDczMjIsImV4cCI6MTc1NDQwODIyMn0.vpOndXbCBVtwDDbbiek_G2dk--2BlffGzs-DxIrxgPs\",\"refreshToken\":\"eyJhbGciOiJIUzI1NiIsInR5cCI6IkpXVCJ9.eyJub21lVXNlciI6IkJlcm5hcmRpbm8iLCJpYXQiOjE3NTQ0MDczMjIsImV4cCI6MTc1NDQwODIyMn0.vpOndXbCBVtwDDbbiek_G2dk--2BlffGzs-DxIrxgPs\"}"}
2025-08-05 16:22:06 [INFO]: Pedido recebido: POST /v1/android/auth/login {"headers":{"user-agent":"PostmanRuntime/7.45.0"}}
2025-08-05 16:22:06 [INFO]: Resposta enviada: POST /v1/android/auth/login {"status":200,"responseTime":"31ms","body":"{\"nomeUser\":\"Bernardino\",\"nome\":\"Bernardino\",\"apelido\":\"Alves\",\"token\":\"eyJhbGciOiJIUzI1NiIsInR5cCI6IkpXVCJ9.eyJub21lVXNlciI6IkJlcm5hcmRpbm8iLCJpYXQiOjE3NTQ0MDczMjYsImV4cCI6MTc1NDQwODIyNn0.fewRZSvtd6F-JNKWz3knDHG-Wa7o-WF64ECFAxkNDLs\",\"refreshToken\":\"eyJhbGciOiJIUzI1NiIsInR5cCI6IkpXVCJ9.eyJub21lVXNlciI6IkJlcm5hcmRpbm8iLCJpYXQiOjE3NTQ0MDczMjYsImV4cCI6MTc1NDQwODIyNn0.fewRZSvtd6F-JNKWz3knDHG-Wa7o-WF64ECFAxkNDLs\"}"}
2025-08-05 16:22:07 [INFO]: Pedido recebido: POST /v1/android/auth/login {"headers":{"user-agent":"PostmanRuntime/7.45.0"}}
2025-08-05 16:22:07 [INFO]: Resposta enviada: POST /v1/android/auth/login {"status":200,"responseTime":"38ms","body":"{\"nomeUser\":\"Bernardino\",\"nome\":\"Bernardino\",\"apelido\":\"Alves\",\"token\":\"eyJhbGciOiJIUzI1NiIsInR5cCI6IkpXVCJ9.eyJub21lVXNlciI6IkJlcm5hcmRpbm8iLCJpYXQiOjE3NTQ0MDczMjcsImV4cCI6MTc1NDQwODIyN30.tiIPUmOJT2tzcRIgQY3Ig5VDiOWOESvWaf91GPF2QDs\",\"refreshToken\":\"eyJhbGciOiJIUzI1NiIsInR5cCI6IkpXVCJ9.eyJub21lVXNlciI6IkJlcm5hcmRpbm8iLCJpYXQiOjE3NTQ0MDczMjcsImV4cCI6MTc1NDQwODIyN30.tiIPUmOJT2tzcRIgQY3Ig5VDiOWOESvWaf91GPF2QDs\"}"}
2025-08-05 16:38:55 [INFO]: Pedido recebido: POST /v1/android/auth/login {"headers":{"user-agent":"PostmanRuntime/7.45.0"}}
2025-08-05 16:38:55 [INFO]: Resposta enviada: POST /v1/android/auth/login {"status":200,"responseTime":"63ms","body":"{\"nomeUser\":\"Bernardino\",\"nome\":\"Bernardino\",\"apelido\":\"Alves\",\"accessToken\":\"eyJhbGciOiJIUzI1NiIsInR5cCI6IkpXVCJ9.eyJub21lVXNlciI6IkJlcm5hcmRpbm8iLCJpYXQiOjE3NTQ0MDgzMzUsImV4cCI6MTc1NDQwOTIzNX0.Os2Tez3B-cb3fCIBWFnmP3ALQrC19h-QHZbnjb6py7o\",\"refreshToken\":\"eyJhbGciOiJIUzI1NiIsInR5cCI6IkpXVCJ9.eyJub21lVXNlciI6IkJlcm5hcmRpbm8iLCJpYXQiOjE3NTQ0MDgzMzUsImV4cCI6MTc1NTAxMzEzNX0.9XpNVngVAWLRjboaE3SQ2yx_yPIkp7WwhiAmxnO2K_I\"}"}
2025-08-05 16:38:56 [INFO]: Pedido recebido: POST /v1/android/auth/login {"headers":{"user-agent":"PostmanRuntime/7.45.0"}}
2025-08-05 16:38:56 [INFO]: Resposta enviada: POST /v1/android/auth/login {"status":200,"responseTime":"32ms","body":"{\"nomeUser\":\"Bernardino\",\"nome\":\"Bernardino\",\"apelido\":\"Alves\",\"accessToken\":\"eyJhbGciOiJIUzI1NiIsInR5cCI6IkpXVCJ9.eyJub21lVXNlciI6IkJlcm5hcmRpbm8iLCJpYXQiOjE3NTQ0MDgzMzYsImV4cCI6MTc1NDQwOTIzNn0.dw4z7UndB7QfDhDyropZ1FgaxV2mPpfquyWV17XsmNM\",\"refreshToken\":\"eyJhbGciOiJIUzI1NiIsInR5cCI6IkpXVCJ9.eyJub21lVXNlciI6IkJlcm5hcmRpbm8iLCJpYXQiOjE3NTQ0MDgzMzYsImV4cCI6MTc1NTAxMzEzNn0.YtOadoSuKK0XB9xpGe9FpgMj0hqJo4QZI_mHWT-G8DM\"}"}
2025-08-05 16:38:58 [INFO]: Pedido recebido: POST /v1/android/auth/login {"headers":{"user-agent":"PostmanRuntime/7.45.0"}}
2025-08-05 16:38:58 [INFO]: Resposta enviada: POST /v1/android/auth/login {"status":200,"responseTime":"36ms","body":"{\"nomeUser\":\"Bernardino\",\"nome\":\"Bernardino\",\"apelido\":\"Alves\",\"accessToken\":\"eyJhbGciOiJIUzI1NiIsInR5cCI6IkpXVCJ9.eyJub21lVXNlciI6IkJlcm5hcmRpbm8iLCJpYXQiOjE3NTQ0MDgzMzgsImV4cCI6MTc1NDQwOTIzOH0.jizylRSztXmKggV51hsb6mng2Pcgxe-10tjhityZxyQ\",\"refreshToken\":\"eyJhbGciOiJIUzI1NiIsInR5cCI6IkpXVCJ9.eyJub21lVXNlciI6IkJlcm5hcmRpbm8iLCJpYXQiOjE3NTQ0MDgzMzgsImV4cCI6MTc1NTAxMzEzOH0.JrhBHgm8nywDDcFfaNeMT0o3klOdoDxjIBs8FUoMbdI\"}"}
2025-08-05 16:38:59 [INFO]: Pedido recebido: POST /v1/android/auth/login {"headers":{"user-agent":"PostmanRuntime/7.45.0"}}
2025-08-05 16:38:59 [INFO]: Resposta enviada: POST /v1/android/auth/login {"status":200,"responseTime":"36ms","body":"{\"nomeUser\":\"Bernardino\",\"nome\":\"Bernardino\",\"apelido\":\"Alves\",\"accessToken\":\"eyJhbGciOiJIUzI1NiIsInR5cCI6IkpXVCJ9.eyJub21lVXNlciI6IkJlcm5hcmRpbm8iLCJpYXQiOjE3NTQ0MDgzMzksImV4cCI6MTc1NDQwOTIzOX0.4jGMHY5gnRCfSp-mDNOlVgD93L_OuzQPKzrzHrN3pEw\",\"refreshToken\":\"eyJhbGciOiJIUzI1NiIsInR5cCI6IkpXVCJ9.eyJub21lVXNlciI6IkJlcm5hcmRpbm8iLCJpYXQiOjE3NTQ0MDgzMzksImV4cCI6MTc1NTAxMzEzOX0.-cNoNKW7McB_gSdGHK73sL4vzkaCA2qwfNId2GOJmow\"}"}
2025-08-05 16:39:00 [INFO]: Pedido recebido: POST /v1/android/auth/login {"headers":{"user-agent":"PostmanRuntime/7.45.0"}}
2025-08-05 16:39:00 [INFO]: Resposta enviada: POST /v1/android/auth/login {"status":200,"responseTime":"30ms","body":"{\"nomeUser\":\"Bernardino\",\"nome\":\"Bernardino\",\"apelido\":\"Alves\",\"accessToken\":\"eyJhbGciOiJIUzI1NiIsInR5cCI6IkpXVCJ9.eyJub21lVXNlciI6IkJlcm5hcmRpbm8iLCJpYXQiOjE3NTQ0MDgzNDAsImV4cCI6MTc1NDQwOTI0MH0.Gb5-_3Jkhicd6-2p_lM88kzZsUnXwzdxCF1p0ZWnWcg\",\"refreshToken\":\"eyJhbGciOiJIUzI1NiIsInR5cCI6IkpXVCJ9.eyJub21lVXNlciI6IkJlcm5hcmRpbm8iLCJpYXQiOjE3NTQ0MDgzNDAsImV4cCI6MTc1NTAxMzE0MH0.PixQ01LC9LnHaGVmP6XR1P4KnnRnJyjvZbY-90NzvqA\"}"}
2025-08-05 16:39:03 [INFO]: Pedido recebido: POST /v1/android/auth/login {"headers":{"user-agent":"PostmanRuntime/7.45.0"}}
2025-08-05 16:39:03 [INFO]: Resposta enviada: POST /v1/android/auth/login {"status":200,"responseTime":"35ms","body":"{\"nomeUser\":\"Bernardino\",\"nome\":\"Bernardino\",\"apelido\":\"Alves\",\"accessToken\":\"eyJhbGciOiJIUzI1NiIsInR5cCI6IkpXVCJ9.eyJub21lVXNlciI6IkJlcm5hcmRpbm8iLCJpYXQiOjE3NTQ0MDgzNDMsImV4cCI6MTc1NDQwOTI0M30.uRCwyxgVImQoza6pytzttmJZFqzYJwHm__hdiXedAwI\",\"refreshToken\":\"eyJhbGciOiJIUzI1NiIsInR5cCI6IkpXVCJ9.eyJub21lVXNlciI6IkJlcm5hcmRpbm8iLCJpYXQiOjE3NTQ0MDgzNDMsImV4cCI6MTc1NTAxMzE0M30.taL-7RxDpx7jBe9b6bpIRUGIPWefKeZ0YOGGALvj9ec\"}"}
2025-08-05 16:45:42 [INFO]: Pedido recebido: POST /v1/android/auth/login {"headers":{"user-agent":"PostmanRuntime/7.45.0"}}
2025-08-05 16:45:42 [INFO]: Resposta enviada: POST /v1/android/auth/login {"status":200,"responseTime":"67ms","body":"{\"nomeUser\":\"Bernardino\",\"nome\":\"Bernardino\",\"apelido\":\"Alves\",\"token\":\"eyJhbGciOiJIUzI1NiIsInR5cCI6IkpXVCJ9.eyJub21lVXNlciI6IkJlcm5hcmRpbm8iLCJpYXQiOjE3NTQ0MDg3NDIsImV4cCI6MTc1NDQwOTY0Mn0.3_tCeg2G6hln5K4JLXcM5zsSD3bT9V3mD_4dFXsBxHQ\",\"refreshToken\":\"eyJhbGciOiJIUzI1NiIsInR5cCI6IkpXVCJ9.eyJub21lVXNlciI6IkJlcm5hcmRpbm8iLCJpYXQiOjE3NTQ0MDg3NDIsImV4cCI6MTc1NTAxMzU0Mn0.FxNIh-NedLJcNjN3iPMxBMuvw7Ch6KcuLkK3DSa0D78\"}"}
2025-08-05 16:45:43 [INFO]: Pedido recebido: POST /v1/android/auth/login {"headers":{"user-agent":"PostmanRuntime/7.45.0"}}
2025-08-05 16:45:43 [INFO]: Resposta enviada: POST /v1/android/auth/login {"status":200,"responseTime":"35ms","body":"{\"nomeUser\":\"Bernardino\",\"nome\":\"Bernardino\",\"apelido\":\"Alves\",\"token\":\"eyJhbGciOiJIUzI1NiIsInR5cCI6IkpXVCJ9.eyJub21lVXNlciI6IkJlcm5hcmRpbm8iLCJpYXQiOjE3NTQ0MDg3NDMsImV4cCI6MTc1NDQwOTY0M30.-spD9Qj-P1ckufbxogijzLus_if7pBxxxALvoFWRtv4\",\"refreshToken\":\"eyJhbGciOiJIUzI1NiIsInR5cCI6IkpXVCJ9.eyJub21lVXNlciI6IkJlcm5hcmRpbm8iLCJpYXQiOjE3NTQ0MDg3NDMsImV4cCI6MTc1NTAxMzU0M30.qwtPwgiXc3IfDlRQ-Ng6vAPdhpCLHfvsqpyYbilXa9k\"}"}
2025-08-05 16:45:44 [INFO]: Pedido recebido: POST /v1/android/auth/login {"headers":{"user-agent":"PostmanRuntime/7.45.0"}}
2025-08-05 16:45:44 [INFO]: Resposta enviada: POST /v1/android/auth/login {"status":200,"responseTime":"32ms","body":"{\"nomeUser\":\"Bernardino\",\"nome\":\"Bernardino\",\"apelido\":\"Alves\",\"token\":\"eyJhbGciOiJIUzI1NiIsInR5cCI6IkpXVCJ9.eyJub21lVXNlciI6IkJlcm5hcmRpbm8iLCJpYXQiOjE3NTQ0MDg3NDQsImV4cCI6MTc1NDQwOTY0NH0.odvoHAXLHpnR1e7GWAEDtv7KHzOi7w7MPEmDUUnv3mQ\",\"refreshToken\":\"eyJhbGciOiJIUzI1NiIsInR5cCI6IkpXVCJ9.eyJub21lVXNlciI6IkJlcm5hcmRpbm8iLCJpYXQiOjE3NTQ0MDg3NDQsImV4cCI6MTc1NTAxMzU0NH0.K9zyD_m4mGmQY9n41mkyPQAClRMCrAwWJoU53nSytOw\"}"}
2025-08-05 16:45:45 [INFO]: Pedido recebido: POST /v1/android/auth/login {"headers":{"user-agent":"PostmanRuntime/7.45.0"}}
2025-08-05 16:45:45 [INFO]: Resposta enviada: POST /v1/android/auth/login {"status":200,"responseTime":"41ms","body":"{\"nomeUser\":\"Bernardino\",\"nome\":\"Bernardino\",\"apelido\":\"Alves\",\"token\":\"eyJhbGciOiJIUzI1NiIsInR5cCI6IkpXVCJ9.eyJub21lVXNlciI6IkJlcm5hcmRpbm8iLCJpYXQiOjE3NTQ0MDg3NDUsImV4cCI6MTc1NDQwOTY0NX0.rHviF_hzYiftbWMr5ineAgFIV7h0G0Rpmg_KGlapvK4\",\"refreshToken\":\"eyJhbGciOiJIUzI1NiIsInR5cCI6IkpXVCJ9.eyJub21lVXNlciI6IkJlcm5hcmRpbm8iLCJpYXQiOjE3NTQ0MDg3NDUsImV4cCI6MTc1NTAxMzU0NX0.JNBAAxVVkdjbRY8bbgyijA-643uBYqXnFJEQPo-vJy4\"}"}
2025-08-05 16:47:17 [INFO]: Pedido recebido: GET /v1/android/auth/login {"headers":{"user-agent":"Mozilla/5.0 (Macintosh; Intel Mac OS X 10_15_7) AppleWebKit/537.36 (KHTML, like Gecko) Chrome/138.0.0.0 Safari/537.36"}}
2025-08-05 16:47:17 [INFO]: Resposta enviada: GET /v1/android/auth/login {"status":404,"responseTime":"3ms","body":"{\"error\":{\"code\":404,\"message\":\"Route Not Found\"}}"}
2025-08-05 16:47:20 [INFO]: Pedido recebido: GET /v1/android/auth/login {"headers":{"user-agent":"Mozilla/5.0 (Macintosh; Intel Mac OS X 10_15_7) AppleWebKit/537.36 (KHTML, like Gecko) Chrome/138.0.0.0 Safari/537.36"}}
2025-08-05 16:47:20 [INFO]: Resposta enviada: GET /v1/android/auth/login {"status":404,"responseTime":"1ms","body":"{\"error\":{\"code\":404,\"message\":\"Route Not Found\"}}"}
2025-08-05 16:47:29 [INFO]: Pedido recebido: POST /v1/android/auth/login {"headers":{"user-agent":"PostmanRuntime/7.45.0"}}
2025-08-05 16:47:29 [INFO]: Resposta enviada: POST /v1/android/auth/login {"status":403,"responseTime":"39ms","body":"{\"message\":\"Credenciais inválidas\"}"}
2025-08-05 16:47:37 [INFO]: Pedido recebido: POST /v1/android/auth/login {"headers":{"user-agent":"PostmanRuntime/7.45.0"}}
2025-08-05 16:47:37 [INFO]: Resposta enviada: POST /v1/android/auth/login {"status":200,"responseTime":"44ms","body":"{\"nomeUser\":\"Bernardino\",\"nome\":\"Bernardino\",\"apelido\":\"Alves\",\"token\":\"eyJhbGciOiJIUzI1NiIsInR5cCI6IkpXVCJ9.eyJub21lVXNlciI6IkJlcm5hcmRpbm8iLCJpYXQiOjE3NTQ0MDg4NTcsImV4cCI6MTc1NDQwOTc1N30.yP7cL801D71p99_Prv4XGkpySFchRo9y24Y8wkS43jk\",\"refreshToken\":\"eyJhbGciOiJIUzI1NiIsInR5cCI6IkpXVCJ9.eyJub21lVXNlciI6IkJlcm5hcmRpbm8iLCJpYXQiOjE3NTQ0MDg4NTcsImV4cCI6MTc1NTAxMzY1N30.EjWQm-WZSGEoqEi-L6uX9sHOTpN4Pb1DYq4R2MpMQgw\"}"}
